*** Starting uWSGI 2.0.18 (64bit) on [Mon Oct  7 09:03:27 2019] ***
compiled with version: 4.8.5 20150623 (Red Hat 4.8.5-39) on 06 October 2019 01:15:29
os: Linux-3.10.0-957.21.3.el7.x86_64 #1 SMP Tue Jun 18 16:35:19 UTC 2019
nodename: VM_0_9_centos
machine: x86_64
clock source: unix
pcre jit disabled
detected number of CPU cores: 1
current working directory: /usr/rentsite/RentHouseSite/renthouse
writing pidfile to uwsgi.pid
detected binary path: /root/Downloads/RentHouseSite/renthouse/test/bin/uwsgi
uWSGI running as root, you can use --uid/--gid/--chroot options
*** WARNING: you are running uWSGI as root !!! (use the --uid flag) *** 
chdir() to /usr/rentsite/RentHouseSite/renthouse
your processes number limit is 7230
your memory page size is 4096 bytes
detected max file descriptor number: 100001
!!! no /etc/mime.types file found !!!
lock engine: pthread robust mutexes
thunder lock: disabled (you can enable it with --thunder-lock)
uWSGI http bound on :8000 fd 4
uwsgi socket 0 bound to TCP address 127.0.0.1:38121 (port auto-assigned) fd 3
uWSGI running as root, you can use --uid/--gid/--chroot options
*** WARNING: you are running uWSGI as root !!! (use the --uid flag) *** 
Python version: 3.7.0 (default, Sep 19 2019, 11:06:51)  [GCC 4.8.5 20150623 (Red Hat 4.8.5-39)]
Set PythonHome to /usr/rentsite/RentHouseSite/renthouse/test
Python main interpreter initialized at 0x1c0df40
uWSGI running as root, you can use --uid/--gid/--chroot options
*** WARNING: you are running uWSGI as root !!! (use the --uid flag) *** 
python threads support enabled
your server socket listen backlog is limited to 100 connections
your mercy for graceful operations on workers is 60 seconds
mapped 416880 bytes (407 KB) for 8 cores
*** Operational MODE: preforking+threaded ***
unable to find "application" callable in file /usr/rentsite/RentHouseSite/renthouse/test/lib/python3.7/site-packages/django/core/wsgi.py
unable to load app 0 (mountpoint='') (callable not found or import error)
*** no app loaded. going in full dynamic mode ***
uWSGI running as root, you can use --uid/--gid/--chroot options
*** WARNING: you are running uWSGI as root !!! (use the --uid flag) *** 
*** uWSGI is running in multiple interpreter mode ***
spawned uWSGI master process (pid: 24293)
spawned uWSGI worker 1 (pid: 24299, cores: 2)
spawned uWSGI worker 2 (pid: 24300, cores: 2)
spawned uWSGI worker 3 (pid: 24301, cores: 2)
spawned uWSGI worker 4 (pid: 24302, cores: 2)
spawned uWSGI http 1 (pid: 24303)
